[[[自动注册扩展缓存完成]]]
[2020/12/30 08:47:21.8280]
[线程：1]
注册总用时：1211.9794ms
自动扫描程序集：181个
扩展缓存：
Senparc.Weixin.Cache.LocalContainerCacheStrategy

[[[微信扩展缓存注册完成]]]
[2020/12/30 08:47:21.8400]
[线程：1]
微信扩展缓存注册总用时：0.1963ms
扩展缓存：Senparc.Weixin.Cache.LocalContainerCacheStrategy

[[[自动注册扩展缓存完成]]]
[2020/12/30 10:37:37.4419]
[线程：1]
注册总用时：878.9982ms
自动扫描程序集：181个
扩展缓存：
Senparc.Weixin.Cache.LocalContainerCacheStrategy

[[[微信扩展缓存注册完成]]]
[2020/12/30 10:37:37.4528]
[线程：1]
微信扩展缓存注册总用时：0.1922ms
扩展缓存：Senparc.Weixin.Cache.LocalContainerCacheStrategy

[[[自动注册扩展缓存完成]]]
[2020/12/30 11:05:24.7215]
[线程：1]
注册总用时：851.6242ms
自动扫描程序集：181个
扩展缓存：
Senparc.Weixin.Cache.LocalContainerCacheStrategy

[[[微信扩展缓存注册完成]]]
[2020/12/30 11:05:24.7311]
[线程：1]
微信扩展缓存注册总用时：0.1988ms
扩展缓存：Senparc.Weixin.Cache.LocalContainerCacheStrategy

[[[自动注册扩展缓存完成]]]
[2020/12/30 11:12:02.1612]
[线程：1]
注册总用时：866.332ms
自动扫描程序集：181个
扩展缓存：
Senparc.Weixin.Cache.LocalContainerCacheStrategy

[[[微信扩展缓存注册完成]]]
[2020/12/30 11:12:02.1708]
[线程：1]
微信扩展缓存注册总用时：0.1990ms
扩展缓存：Senparc.Weixin.Cache.LocalContainerCacheStrategy

[[[自动注册扩展缓存完成]]]
[2020/12/30 11:27:00.1244]
[线程：1]
注册总用时：933.2621ms
自动扫描程序集：181个
扩展缓存：
Senparc.Weixin.Cache.LocalContainerCacheStrategy

[[[微信扩展缓存注册完成]]]
[2020/12/30 11:27:00.1334]
[线程：1]
微信扩展缓存注册总用时：0.1985ms
扩展缓存：Senparc.Weixin.Cache.LocalContainerCacheStrategy

[[[自动注册扩展缓存完成]]]
[2020/12/30 11:44:02.6681]
[线程：1]
注册总用时：921.2011ms
自动扫描程序集：181个
扩展缓存：
Senparc.Weixin.Cache.LocalContainerCacheStrategy

[[[微信扩展缓存注册完成]]]
[2020/12/30 11:44:02.6787]
[线程：1]
微信扩展缓存注册总用时：0.1980ms
扩展缓存：Senparc.Weixin.Cache.LocalContainerCacheStrategy

[[[自动注册扩展缓存完成]]]
[2020/12/30 14:25:07.0698]
[线程：1]
注册总用时：937.6933ms
自动扫描程序集：181个
扩展缓存：
Senparc.Weixin.Cache.LocalContainerCacheStrategy

[[[微信扩展缓存注册完成]]]
[2020/12/30 14:25:07.0799]
[线程：1]
微信扩展缓存注册总用时：0.2320ms
扩展缓存：Senparc.Weixin.Cache.LocalContainerCacheStrategy

[[[自动注册扩展缓存完成]]]
[2020/12/30 14:46:42.6202]
[线程：1]
注册总用时：938.6206ms
自动扫描程序集：181个
扩展缓存：
Senparc.Weixin.Cache.LocalContainerCacheStrategy

[[[微信扩展缓存注册完成]]]
[2020/12/30 14:46:42.6293]
[线程：1]
微信扩展缓存注册总用时：0.1999ms
扩展缓存：Senparc.Weixin.Cache.LocalContainerCacheStrategy

[[[自动注册扩展缓存完成]]]
[2020/12/30 14:50:08.8914]
[线程：1]
注册总用时：892.6024ms
自动扫描程序集：181个
扩展缓存：
Senparc.Weixin.Cache.LocalContainerCacheStrategy

[[[微信扩展缓存注册完成]]]
[2020/12/30 14:50:08.9006]
[线程：1]
微信扩展缓存注册总用时：0.1956ms
扩展缓存：Senparc.Weixin.Cache.LocalContainerCacheStrategy

[[[自动注册扩展缓存完成]]]
[2020/12/30 14:51:54.5350]
[线程：1]
注册总用时：902.0639ms
自动扫描程序集：181个
扩展缓存：
Senparc.Weixin.Cache.LocalContainerCacheStrategy

[[[微信扩展缓存注册完成]]]
[2020/12/30 14:51:54.5454]
[线程：1]
微信扩展缓存注册总用时：0.2128ms
扩展缓存：Senparc.Weixin.Cache.LocalContainerCacheStrategy

[[[自动注册扩展缓存完成]]]
[2020/12/30 14:58:05.2600]
[线程：1]
注册总用时：969.6999ms
自动扫描程序集：181个
扩展缓存：
Senparc.Weixin.Cache.LocalContainerCacheStrategy

[[[微信扩展缓存注册完成]]]
[2020/12/30 14:58:05.2691]
[线程：1]
微信扩展缓存注册总用时：0.1974ms
扩展缓存：Senparc.Weixin.Cache.LocalContainerCacheStrategy

[[[自动注册扩展缓存完成]]]
[2020/12/30 15:18:33.0419]
[线程：1]
注册总用时：928.5149ms
自动扫描程序集：181个
扩展缓存：
Senparc.Weixin.Cache.LocalContainerCacheStrategy

[[[微信扩展缓存注册完成]]]
[2020/12/30 15:18:33.0513]
[线程：1]
微信扩展缓存注册总用时：0.2003ms
扩展缓存：Senparc.Weixin.Cache.LocalContainerCacheStrategy

[[[自动注册扩展缓存完成]]]
[2020/12/30 15:24:58.3891]
[线程：1]
注册总用时：915.7365ms
自动扫描程序集：181个
扩展缓存：
Senparc.Weixin.Cache.LocalContainerCacheStrategy

[[[微信扩展缓存注册完成]]]
[2020/12/30 15:24:58.3982]
[线程：1]
微信扩展缓存注册总用时：0.1900ms
扩展缓存：Senparc.Weixin.Cache.LocalContainerCacheStrategy

[[[自动注册扩展缓存完成]]]
[2020/12/30 15:48:28.1798]
[线程：1]
注册总用时：932.7026ms
自动扫描程序集：181个
扩展缓存：
Senparc.Weixin.Cache.LocalContainerCacheStrategy

[[[微信扩展缓存注册完成]]]
[2020/12/30 15:48:28.1905]
[线程：1]
微信扩展缓存注册总用时：0.2077ms
扩展缓存：Senparc.Weixin.Cache.LocalContainerCacheStrategy

[[[自动注册扩展缓存完成]]]
[2020/12/30 23:34:41.5564]
[线程：1]
注册总用时：361.5533ms
自动扫描程序集：179个
扩展缓存：
Senparc.Weixin.Cache.LocalContainerCacheStrategy

[[[微信扩展缓存注册完成]]]
[2020/12/30 23:34:41.5608]
[线程：1]
微信扩展缓存注册总用时：0.1021ms
扩展缓存：Senparc.Weixin.Cache.LocalContainerCacheStrategy

