[[[自动注册扩展缓存完成]]]
[2020/12/28 15:28:56.5067]
[线程：1]
注册总用时：1584.216ms
自动扫描程序集：181个
扩展缓存：
Senparc.Weixin.Cache.LocalContainerCacheStrategy

[[[微信扩展缓存注册完成]]]
[2020/12/28 15:28:56.5187]
[线程：1]
微信扩展缓存注册总用时：0.2028ms
扩展缓存：Senparc.Weixin.Cache.LocalContainerCacheStrategy

[[[自动注册扩展缓存完成]]]
[2020/12/28 15:56:47.6903]
[线程：1]
注册总用时：1002.9021ms
自动扫描程序集：181个
扩展缓存：
Senparc.Weixin.Cache.LocalContainerCacheStrategy

[[[微信扩展缓存注册完成]]]
[2020/12/28 15:56:47.6990]
[线程：1]
微信扩展缓存注册总用时：0.1921ms
扩展缓存：Senparc.Weixin.Cache.LocalContainerCacheStrategy

