[[[自动注册扩展缓存完成]]]
[2020/12/29 09:14:59.9678]
[线程：1]
注册总用时：2540.0925ms
自动扫描程序集：181个
扩展缓存：
Senparc.Weixin.Cache.LocalContainerCacheStrategy

[[[微信扩展缓存注册完成]]]
[2020/12/29 09:15:00.0073]
[线程：1]
微信扩展缓存注册总用时：0.2033ms
扩展缓存：Senparc.Weixin.Cache.LocalContainerCacheStrategy

[[[自动注册扩展缓存完成]]]
[2020/12/29 11:27:23.6911]
[线程：1]
注册总用时：1977.4564ms
自动扫描程序集：181个
扩展缓存：
Senparc.Weixin.Cache.LocalContainerCacheStrategy

[[[微信扩展缓存注册完成]]]
[2020/12/29 11:27:23.7026]
[线程：1]
微信扩展缓存注册总用时：0.2020ms
扩展缓存：Senparc.Weixin.Cache.LocalContainerCacheStrategy

[[[自动注册扩展缓存完成]]]
[2020/12/29 11:39:31.4765]
[线程：1]
注册总用时：1549.0351ms
自动扫描程序集：181个
扩展缓存：
Senparc.Weixin.Cache.LocalContainerCacheStrategy

[[[微信扩展缓存注册完成]]]
[2020/12/29 11:39:31.4880]
[线程：1]
微信扩展缓存注册总用时：0.1942ms
扩展缓存：Senparc.Weixin.Cache.LocalContainerCacheStrategy

[[[自动注册扩展缓存完成]]]
[2020/12/29 14:10:30.1323]
[线程：1]
注册总用时：2204.4381ms
自动扫描程序集：181个
扩展缓存：
Senparc.Weixin.Cache.LocalContainerCacheStrategy

[[[微信扩展缓存注册完成]]]
[2020/12/29 14:10:30.1421]
[线程：1]
微信扩展缓存注册总用时：0.2044ms
扩展缓存：Senparc.Weixin.Cache.LocalContainerCacheStrategy

[[[自动注册扩展缓存完成]]]
[2020/12/29 14:19:02.3450]
[线程：1]
注册总用时：1551.4662ms
自动扫描程序集：181个
扩展缓存：
Senparc.Weixin.Cache.LocalContainerCacheStrategy

[[[微信扩展缓存注册完成]]]
[2020/12/29 14:19:02.3569]
[线程：1]
微信扩展缓存注册总用时：0.1952ms
扩展缓存：Senparc.Weixin.Cache.LocalContainerCacheStrategy

[[[自动注册扩展缓存完成]]]
[2020/12/29 14:58:01.1915]
[线程：1]
注册总用时：1601.4862ms
自动扫描程序集：181个
扩展缓存：
Senparc.Weixin.Cache.LocalContainerCacheStrategy

[[[微信扩展缓存注册完成]]]
[2020/12/29 14:58:01.2005]
[线程：1]
微信扩展缓存注册总用时：0.1945ms
扩展缓存：Senparc.Weixin.Cache.LocalContainerCacheStrategy

[[[自动注册扩展缓存完成]]]
[2020/12/29 15:16:05.6982]
[线程：1]
注册总用时：1831.9057ms
自动扫描程序集：181个
扩展缓存：
Senparc.Weixin.Cache.LocalContainerCacheStrategy

[[[微信扩展缓存注册完成]]]
[2020/12/29 15:16:05.7105]
[线程：1]
微信扩展缓存注册总用时：0.2024ms
扩展缓存：Senparc.Weixin.Cache.LocalContainerCacheStrategy

[[[自动注册扩展缓存完成]]]
[2020/12/29 15:30:43.2000]
[线程：1]
注册总用时：1308.501ms
自动扫描程序集：181个
扩展缓存：
Senparc.Weixin.Cache.LocalContainerCacheStrategy

[[[微信扩展缓存注册完成]]]
[2020/12/29 15:30:43.2097]
[线程：1]
微信扩展缓存注册总用时：0.2003ms
扩展缓存：Senparc.Weixin.Cache.LocalContainerCacheStrategy

[[[自动注册扩展缓存完成]]]
[2020/12/29 15:36:25.9651]
[线程：1]
注册总用时：4466.0121ms
自动扫描程序集：181个
扩展缓存：
Senparc.Weixin.Cache.LocalContainerCacheStrategy

[[[微信扩展缓存注册完成]]]
[2020/12/29 15:36:26.0088]
[线程：1]
微信扩展缓存注册总用时：0.2039ms
扩展缓存：Senparc.Weixin.Cache.LocalContainerCacheStrategy

[[[自动注册扩展缓存完成]]]
[2020/12/29 16:11:42.1569]
[线程：1]
注册总用时：2119.0671ms
自动扫描程序集：181个
扩展缓存：
Senparc.Weixin.Cache.LocalContainerCacheStrategy

[[[微信扩展缓存注册完成]]]
[2020/12/29 16:11:42.1667]
[线程：1]
微信扩展缓存注册总用时：0.2384ms
扩展缓存：Senparc.Weixin.Cache.LocalContainerCacheStrategy

[[[自动注册扩展缓存完成]]]
[2020/12/29 16:20:00.8181]
[线程：1]
注册总用时：2048.5925ms
自动扫描程序集：181个
扩展缓存：
Senparc.Weixin.Cache.LocalContainerCacheStrategy

[[[微信扩展缓存注册完成]]]
[2020/12/29 16:20:00.8278]
[线程：1]
微信扩展缓存注册总用时：0.2909ms
扩展缓存：Senparc.Weixin.Cache.LocalContainerCacheStrategy

[[[自动注册扩展缓存完成]]]
[2020/12/29 16:22:29.8887]
[线程：1]
注册总用时：1432.3563ms
自动扫描程序集：181个
扩展缓存：
Senparc.Weixin.Cache.LocalContainerCacheStrategy

[[[微信扩展缓存注册完成]]]
[2020/12/29 16:22:29.9007]
[线程：1]
微信扩展缓存注册总用时：0.2025ms
扩展缓存：Senparc.Weixin.Cache.LocalContainerCacheStrategy

[[[自动注册扩展缓存完成]]]
[2020/12/29 16:27:55.2795]
[线程：1]
注册总用时：1367.7735ms
自动扫描程序集：181个
扩展缓存：
Senparc.Weixin.Cache.LocalContainerCacheStrategy

[[[微信扩展缓存注册完成]]]
[2020/12/29 16:27:55.2902]
[线程：1]
微信扩展缓存注册总用时：0.2018ms
扩展缓存：Senparc.Weixin.Cache.LocalContainerCacheStrategy

[[[自动注册扩展缓存完成]]]
[2020/12/29 16:41:48.7713]
[线程：1]
注册总用时：1498.1636ms
自动扫描程序集：181个
扩展缓存：
Senparc.Weixin.Cache.LocalContainerCacheStrategy

[[[微信扩展缓存注册完成]]]
[2020/12/29 16:41:48.7804]
[线程：1]
微信扩展缓存注册总用时：0.1987ms
扩展缓存：Senparc.Weixin.Cache.LocalContainerCacheStrategy

[[[自动注册扩展缓存完成]]]
[2020/12/29 17:01:44.4609]
[线程：1]
注册总用时：3017.0164ms
自动扫描程序集：181个
扩展缓存：
Senparc.Weixin.Cache.LocalContainerCacheStrategy

[[[微信扩展缓存注册完成]]]
[2020/12/29 17:01:44.4726]
[线程：1]
微信扩展缓存注册总用时：0.2624ms
扩展缓存：Senparc.Weixin.Cache.LocalContainerCacheStrategy

[[[自动注册扩展缓存完成]]]
[2020/12/29 17:39:42.0936]
[线程：1]
注册总用时：2020.8305ms
自动扫描程序集：181个
扩展缓存：
Senparc.Weixin.Cache.LocalContainerCacheStrategy

[[[微信扩展缓存注册完成]]]
[2020/12/29 17:39:42.1252]
[线程：1]
微信扩展缓存注册总用时：0.2265ms
扩展缓存：Senparc.Weixin.Cache.LocalContainerCacheStrategy

